<?xml version="1.0" encoding="UTF-8"?>
<testsuite name="de.spillmann.address.FileAddressTest" time="0.117" tests="12" errors="0" skipped="0" failures="0">
  <properties>
    <property name="java.runtime.name" value="Java(TM) SE Runtime Environment"/>
    <property name="sun.boot.library.path" value="C:\Program Files\Java\jdk1.8.0_20\jre\bin"/>
    <property name="java.vm.version" value="25.20-b23"/>
    <property name="java.vm.vendor" value="Oracle Corporation"/>
    <property name="java.vendor.url" value="http://java.oracle.com/"/>
    <property name="path.separator" value=";"/>
    <property name="guice.disable.misplaced.annotation.check" value="true"/>
    <property name="java.vm.name" value="Java HotSpot(TM) 64-Bit Server VM"/>
    <property name="file.encoding.pkg" value="sun.io"/>
    <property name="user.script" value=""/>
    <property name="user.country" value="DE"/>
    <property name="sun.java.launcher" value="SUN_STANDARD"/>
    <property name="sun.os.patch.level" value="Service Pack 1"/>
    <property name="java.vm.specification.name" value="Java Virtual Machine Specification"/>
    <property name="user.dir" value="D:\projekte\address\AddressBook"/>
    <property name="java.runtime.version" value="1.8.0_20-b26"/>
    <property name="java.awt.graphicsenv" value="sun.awt.Win32GraphicsEnvironment"/>
    <property name="java.endorsed.dirs" value="C:\Program Files\Java\jdk1.8.0_20\jre\lib\endorsed"/>
    <property name="os.arch" value="amd64"/>
    <property name="java.io.tmpdir" value="C:\Users\Martins\AppData\Local\Temp\"/>
    <property name="line.separator" value="&#10;"/>
    <property name="java.vm.specification.vendor" value="Oracle Corporation"/>
    <property name="user.variant" value=""/>
    <property name="os.name" value="Windows 7"/>
    <property name="classworlds.conf" value="D:\projekte\address\.metadata\.plugins\org.eclipse.m2e.launching\launches\m2conf5263444240293814939.tmp"/>
    <property name="sun.jnu.encoding" value="Cp1252"/>
    <property name="java.library.path" value="C:\Program Files\Java\jdk1.8.0_20\bin;C:\Windows\Sun\Java\bin;C:\Windows\system32;C:\Windows;C:/Program Files/Java/jre1.8.0_20/bin/server;C:/Program Files/Java/jre1.8.0_20/bin;C:/Program Files/Java/jre1.8.0_20/lib/amd64;C:\ProgramData\Oracle\Java\javapath;C:\oracle\product\11.2.0\client_1\bin;C:\Windows\SYSTEM32;C:\Windows;C:\Windows\SYSTEM32\WBEM;C:\Windows\SYSTEM32\WINDOWSPOWERSHELL\V1.0\;C:\PROGRAM FILES\THINKPAD\BLUETOOTH SOFTWARE\;C:\PROGRAM FILES\THINKPAD\BLUETOOTH SOFTWARE\SYSWOW64;C:\PROGRAM FILES (X86)\COMMON FILES\LENOVO;C:\PROGRAM FILES (X86)\COMMON FILES\ULEAD SYSTEMS\MPEG;C:\PROGRAM FILES\COMMON FILES\LENOVO;C:\SWTOOLS\READYAPPS;C:\PROGRAM FILES (X86)\SYMANTEC\VIP ACCESS CLIENT\;C:\Program Files (x86)\Pandoc\bin;C:\Program Files (x86)\MiKTeX 2.9\miktex\bin\;C:\Program Files\SQL Anywhere 11\bin64;C:\Program Files\SQL Anywhere 11\bin32;C:\PROGRA~1\IBM\SQLLIB\BIN;C:\PROGRA~1\IBM\SQLLIB\FUNCTION;C:\PROGRA~1\IBM\SQLLIB\SAMPLES\REPL;C:\Program Files (x86)\QuickTime\QTSystem\;C:\Program Files (x86)\Intel\Services\IPT\;C:\Program Files (x86)\Intel\OpenCL SDK\2.0\bin\x86;C:\Program Files (x86)\Intel\OpenCL SDK\2.0\bin\x64;C:\Program Files\Intel\WiFi\bin\;C:\Program Files\Common Files\Intel\WirelessCommon\;C:\Program Files (x86)\Kaspersky Lab\Kaspersky Endpoint Security 10 fÃ¼r Windows\;D:\develop\tools\apache-maven-3.2.3\bin;C:\Program Files (x86)\MiKTeX 2.9\miktex\bin;C:\cygwin\bin;D:\develop\tools\tcpmon\build;D:\projekte\jpos\csc\win64;D:\develop\tools\jaxb-ri-2.2.6\jaxb-ri-2.2.6\bin;C:\Program Files (x86)\MySQL\MySQL Server 5.5\bin;C:\totalcmd\;C:\Program Files\Intel\WiFi\bin\;C:\Program Files\Common Files\Intel\WirelessCommon\;D:\jprofiler8\bin\windows-x64;D:\develop\tools\ide\eclipse-standard-luna-R-win32-x86_64\eclipse;;."/>
    <property name="java.specification.name" value="Java Platform API Specification"/>
    <property name="java.class.version" value="52.0"/>
    <property name="sun.management.compiler" value="HotSpot 64-Bit Tiered Compilers"/>
    <property name="os.version" value="6.1"/>
    <property name="user.home" value="C:\Users\Martins"/>
    <property name="user.timezone" value="Europe/Berlin"/>
    <property name="java.awt.printerjob" value="sun.awt.windows.WPrinterJob"/>
    <property name="java.specification.version" value="1.8"/>
    <property name="file.encoding" value="Cp1252"/>
    <property name="user.name" value="martins"/>
    <property name="java.class.path" value="/D:/develop/tools/ide/eclipse-standard-luna-R-win32-x86_64/eclipse/plugins/org.eclipse.m2e.maven.runtime_1.5.0.20140605-2032/jars/plexus-classworlds-2.5.1.jar"/>
    <property name="org.slf4j.simpleLogger.defaultLogLevel" value="info"/>
    <property name="java.vm.specification.version" value="1.8"/>
    <property name="sun.arch.data.model" value="64"/>
    <property name="java.home" value="C:\Program Files\Java\jdk1.8.0_20\jre"/>
    <property name="sun.java.command" value="org.codehaus.plexus.classworlds.launcher.Launcher -B package"/>
    <property name="java.specification.vendor" value="Oracle Corporation"/>
    <property name="user.language" value="de"/>
    <property name="awt.toolkit" value="sun.awt.windows.WToolkit"/>
    <property name="java.vm.info" value="mixed mode"/>
    <property name="java.version" value="1.8.0_20"/>
    <property name="java.ext.dirs" value="C:\Program Files\Java\jdk1.8.0_20\jre\lib\ext;C:\Windows\Sun\Java\lib\ext"/>
    <property name="sun.boot.class.path" value="C:\Program Files\Java\jdk1.8.0_20\jre\lib\resources.jar;C:\Program Files\Java\jdk1.8.0_20\jre\lib\rt.jar;C:\Program Files\Java\jdk1.8.0_20\jre\lib\sunrsasign.jar;C:\Program Files\Java\jdk1.8.0_20\jre\lib\jsse.jar;C:\Program Files\Java\jdk1.8.0_20\jre\lib\jce.jar;C:\Program Files\Java\jdk1.8.0_20\jre\lib\charsets.jar;C:\Program Files\Java\jdk1.8.0_20\jre\lib\jfr.jar;C:\Program Files\Java\jdk1.8.0_20\jre\classes"/>
    <property name="java.vendor" value="Oracle Corporation"/>
    <property name="maven.home" value="D:\projekte\address\AddressBook\EMBEDDED"/>
    <property name="file.separator" value="\"/>
    <property name="java.vendor.url.bug" value="http://bugreport.sun.com/bugreport/"/>
    <property name="sun.cpu.endian" value="little"/>
    <property name="sun.io.unicode.encoding" value="UnicodeLittle"/>
    <property name="sun.desktop" value="windows"/>
    <property name="sun.cpu.isalist" value="amd64"/>
  </properties>
  <testcase name="addressDateInvalidNumberTest" classname="de.spillmann.address.FileAddressTest" time="0.049"/>
  <testcase name="addressSexValidTest" classname="de.spillmann.address.FileAddressTest" time="0"/>
  <testcase name="addressSexInvalidTest" classname="de.spillmann.address.FileAddressTest" time="0"/>
  <testcase name="addressOldestPersonTest" classname="de.spillmann.address.FileAddressTest" time="0.046"/>
  <testcase name="addressLeapYearDaysBetween" classname="de.spillmann.address.FileAddressTest" time="0.018"/>
  <testcase name="addressDaysBetween" classname="de.spillmann.address.FileAddressTest" time="0"/>
  <testcase name="addressNameInvalidValueTest" classname="de.spillmann.address.FileAddressTest" time="0"/>
  <testcase name="addressFemaleCountTest" classname="de.spillmann.address.FileAddressTest" time="0.003"/>
  <testcase name="addressDateInvalidDayTest" classname="de.spillmann.address.FileAddressTest" time="0.001"/>
  <testcase name="addressDateInvalidMonthTest" classname="de.spillmann.address.FileAddressTest" time="0"/>
  <testcase name="addressDateInvalidYearTest" classname="de.spillmann.address.FileAddressTest" time="0"/>
  <testcase name="addressSexInvalidTypeTest" classname="de.spillmann.address.FileAddressTest" time="0"/>
</testsuite>